<?xml version="1.0" encoding="utf-8"?><testsuites name="pytest tests"><testsuite name="pytest" errors="0" failures="0" skipped="0" tests="17" time="19.019" timestamp="2026-04-28T12:38:19.947613+00:00" hostname="agent-env-a0794c6b-b9ae-47b1-b1bd-73f83a0bb63a"><testcase classname="backend.tests.backend_test" name="test_health" time="0.203" /><testcase classname="backend.tests.backend_test" name="test_welcome_quote" time="0.140" /><testcase classname="backend.tests.backend_test" name="test_subscription_packages" time="0.116" /><testcase classname="backend.tests.backend_test" name="test_auth_me_unauthenticated" time="0.128" /><testcase classname="backend.tests.backend_test" name="test_auth_session_invalid" time="1.073" /><testcase classname="backend.tests.backend_test" name="test_auth_me_with_seeded_session" time="1.789" /><testcase classname="backend.tests.backend_test" name="test_subscription_status_trial" time="0.579" /><testcase classname="backend.tests.backend_test" name="test_create_chat_manage_and_support" time="2.782" /><testcase classname="backend.tests.backend_test" name="test_list_chats_and_max_5_enforcement" time="1.536" /><testcase classname="backend.tests.backend_test" name="test_get_and_delete_chat" time="0.892" /><testcase classname="backend.tests.backend_test" name="test_crisis_detection_skips_llm" time="0.685" /><testcase classname="backend.tests.backend_test" name="test_send_message_llm" time="3.989" /><testcase classname="backend.tests.backend_test" name="test_expired_trial_blocks_chat_create_and_message" time="0.823" /><testcase classname="backend.tests.backend_test" name="test_active_subscription_can_chat" time="0.647" /><testcase classname="backend.tests.backend_test" name="test_checkout_invalid_package" time="0.525" /><testcase classname="backend.tests.backend_test" name="test_checkout_monthly_creates_session_and_txn" time="1.546" /><testcase classname="backend.tests.backend_test" name="test_logout_clears_session" time="1.415" /></testsuite></testsuites>